<?xml version="1.0" encoding="UTF-8"?>
<!-- Generated by org.testng.reporters.JUnitXMLReporter -->
<testsuite ignored="0" hostname="EI-LAP-8338" failures="1" tests="1" name="Error Validation Test" time="22.567" errors="0" timestamp="2025-04-09T17:04:08 IST">
  <testcase classname="automation.eCommerce.eCommerce_TC2" name="FormError" time="14.937">
    <failure type="java.lang.AssertionError" message="expected [Please enter your] but found [Please enter your name]">
      <![CDATA[java.lang.AssertionError: expected [Please enter your] but found [Please enter your name]
at automation.eCommerce.eCommerce_TC2.FormError(eCommerce_TC2.java:26)
at java.base/java.util.ArrayList.forEach(ArrayList.java:1596)
... Removed 35 stack frames]]>
    </failure>
  </testcase> <!-- FormError -->
</testsuite> <!-- Error Validation Test -->
